<?xml version="1.0" encoding="UTF-8"?>
<testng-results ignored="0" total="1" passed="1" failed="0" skipped="0">
  <reporter-output>
  </reporter-output>
  <suite started-at="2024-03-20T15:54:49 IST" name="Suite" finished-at="2024-03-20T15:54:49 IST" duration-ms="49">
    <groups>
    </groups>
    <test started-at="2024-03-20T15:54:49 IST" name="Test" finished-at="2024-03-20T15:54:49 IST" duration-ms="49">
      <class name="samplemaven.AndroidTest">
        <test-method signature="testB()[pri:0, instance:samplemaven.AndroidTest@66d3eec0]" started-at="2024-03-20T15:54:49 IST" name="testB" finished-at="2024-03-20T15:54:49 IST" duration-ms="9" status="PASS">
          <reporter-output>
          </reporter-output>
        </test-method> <!-- testB -->
      </class> <!-- samplemaven.AndroidTest -->
    </test> <!-- Test -->
  </suite> <!-- Suite -->
</testng-results>
